Plugins:
Bundled analyzers:
  - JaCoCo 1.3.0.1538 (jacoco)
  - IaC Code Quality and Security 1.47.0.15287 (iac)
  - Text Code Quality and Security 2.24.2.6631 (text)
  - Clean as You Code 2.4.0.2018 (cayc)
Global server settings:
  - sonar.azureresourcemanager.file.suffixes=.bicep
  - sonar.core.id=147B411E-AZgTmSTHL_oFXIR9mZeR
  - sonar.core.startTime=2025-07-16T14:17:36+0000
  - sonar.cs.file.suffixes=.cs,.razor
  - sonar.css.file.suffixes=.css,.less,.scss,.sass
  - sonar.docker.file.patterns=Dockerfile,*.dockerfile
  - sonar.flex.file.suffixes=as
  - sonar.forceAuthentication=true
  - sonar.go.file.suffixes=.go
  - sonar.html.file.suffixes=.html,.xhtml,.cshtml,.vbhtml,.aspx,.ascx,.rhtml,.erb,.shtm,.shtml,.cmp,.twig
  - sonar.ipynb.file.suffixes=ipynb
  - sonar.java.file.suffixes=.java,.jav
  - sonar.java.jvmframeworkconfig.file.patterns=**/src/main/resources/**/*app*.properties,**/src/main/resources/**/*app*.yaml,**/src/main/resources/**/*app*.yml
  - sonar.javascript.file.suffixes=.js,.jsx,.cjs,.mjs,.vue
  - sonar.json.file.suffixes=.json
  - sonar.jsp.file.suffixes=.jsp,.jspf,.jspx
  - sonar.kotlin.file.suffixes=.kt,.kts
  - sonar.multi-quality-mode.enabled=true
  - sonar.php.file.suffixes=php,php3,php4,php5,phtml,inc
  - sonar.python.file.suffixes=py
  - sonar.qualityProfiles.allowDisableInheritedRules=true
  - sonar.ruby.file.suffixes=.rb
  - sonar.rust.file.suffixes=.rs
  - sonar.scala.file.suffixes=.scala
  - sonar.terraform.file.suffixes=.tf
  - sonar.typescript.file.suffixes=.ts,.tsx,.cts,.mts
  - sonar.vbnet.file.suffixes=.vb
  - sonar.xml.file.suffixes=.xml,.xsd,.xsl,.config
  - sonar.yaml.file.suffixes=.yaml,.yml
Project server settings:
Project scanner properties:
  - sonar.exclusions=**/node_modules/**,**/*.spec.ts
  - sonar.host.url=http://localhost:9000
  - sonar.inclusions=angular-17-client/src/**,frontend/src/**
  - sonar.java.binaries=spring-boot-server/target/classes
  - sonar.language=java
  - sonar.projectBaseDir=C:\Users\MohamedAmin.Barkouti\Desktop\Project\spring-boot-angular-17-crud-example
  - sonar.projectKey=sample-app
  - sonar.projectName=My Sample App
  - sonar.projectVersion=1.0
  - sonar.scanner.app=ScannerCLI
  - sonar.scanner.appVersion=5.0.1.3006
  - sonar.scanner.home=C:\SonarScanner\sonar-scanner-5.0.1.3006-windows\bin\..
  - sonar.sourceEncoding=UTF-8
  - sonar.sources=spring-boot-server/src
  - sonar.token=******
  - sonar.typescript.tsconfigPath=angular-17-client/tsconfig.json
  - sonar.verbose=true
  - sonar.working.directory=C:\Users\MohamedAmin.Barkouti\Desktop\Project\spring-boot-angular-17-crud-example\.scannerwork
